c:\users\rafar\desktop\universidad\tercero\2º cuatrimestre\informática industrial y comunicaciones\trabajo-informatica\ajedrez\tmp\debug\vc142.pdb
c:\users\rafar\desktop\universidad\tercero\2º cuatrimestre\informática industrial y comunicaciones\trabajo-informatica\ajedrez\tmp\debug\vc142.idb
c:\users\rafar\desktop\universidad\tercero\2º cuatrimestre\informática industrial y comunicaciones\trabajo-informatica\ajedrez\tmp\debug\torre.obj
c:\users\rafar\desktop\universidad\tercero\2º cuatrimestre\informática industrial y comunicaciones\trabajo-informatica\ajedrez\tmp\debug\casilla.obj
c:\users\rafar\desktop\universidad\tercero\2º cuatrimestre\informática industrial y comunicaciones\trabajo-informatica\ajedrez\tmp\debug\caballo.obj
c:\users\rafar\desktop\universidad\tercero\2º cuatrimestre\informática industrial y comunicaciones\trabajo-informatica\ajedrez\tmp\debug\rey.obj
c:\users\rafar\desktop\universidad\tercero\2º cuatrimestre\informática industrial y comunicaciones\trabajo-informatica\ajedrez\tmp\debug\reina.obj
c:\users\rafar\desktop\universidad\tercero\2º cuatrimestre\informática industrial y comunicaciones\trabajo-informatica\ajedrez\tmp\debug\alfil.obj
c:\users\rafar\desktop\universidad\tercero\2º cuatrimestre\informática industrial y comunicaciones\trabajo-informatica\ajedrez\tmp\debug\pieza.obj
c:\users\rafar\desktop\universidad\tercero\2º cuatrimestre\informática industrial y comunicaciones\trabajo-informatica\ajedrez\tmp\debug\ajedrez.obj
c:\users\rafar\desktop\universidad\tercero\2º cuatrimestre\informática industrial y comunicaciones\trabajo-informatica\ajedrez\tmp\debug\main.obj
c:\users\rafar\desktop\universidad\tercero\2º cuatrimestre\informática industrial y comunicaciones\trabajo-informatica\ajedrez\tmp\debug\testunitarios.obj
c:\users\rafar\desktop\universidad\tercero\2º cuatrimestre\informática industrial y comunicaciones\trabajo-informatica\ajedrez\tmp\debug\tablero.obj
c:\users\rafar\desktop\universidad\tercero\2º cuatrimestre\informática industrial y comunicaciones\trabajo-informatica\ajedrez\tmp\debug\peon.obj
c:\users\rafar\desktop\universidad\tercero\2º cuatrimestre\informática industrial y comunicaciones\trabajo-informatica\ajedrez\tmp\debug\coordinadorajedrez.obj
c:\users\rafar\desktop\universidad\tercero\2º cuatrimestre\informática industrial y comunicaciones\trabajo-informatica\ajedrez\bin\ajedrez.exe
c:\users\rafar\desktop\universidad\tercero\2º cuatrimestre\informática industrial y comunicaciones\trabajo-informatica\ajedrez\tmp\debug\ajedrez.ilk
c:\users\rafar\desktop\universidad\tercero\2º cuatrimestre\informática industrial y comunicaciones\trabajo-informatica\ajedrez\bin\ajedrez.pdb
c:\users\rafar\desktop\universidad\tercero\2º cuatrimestre\informática industrial y comunicaciones\trabajo-informatica\ajedrez\tmp\debug\mundo.obj
c:\users\rafar\desktop\universidad\tercero\2º cuatrimestre\informática industrial y comunicaciones\trabajo-informatica\ajedrez\tmp\debug\pang.obj
c:\users\rafar\desktop\universidad\tercero\2º cuatrimestre\informática industrial y comunicaciones\trabajo-informatica\ajedrez\tmp\debug\pang.ilk
c:\users\rafar\desktop\universidad\tercero\2º cuatrimestre\informática industrial y comunicaciones\trabajo-informatica\ajedrez\tmp\debug\ajedrez.tlog\cl.command.1.tlog
c:\users\rafar\desktop\universidad\tercero\2º cuatrimestre\informática industrial y comunicaciones\trabajo-informatica\ajedrez\tmp\debug\ajedrez.tlog\cl.read.1.tlog
c:\users\rafar\desktop\universidad\tercero\2º cuatrimestre\informática industrial y comunicaciones\trabajo-informatica\ajedrez\tmp\debug\ajedrez.tlog\cl.write.1.tlog
c:\users\rafar\desktop\universidad\tercero\2º cuatrimestre\informática industrial y comunicaciones\trabajo-informatica\ajedrez\tmp\debug\ajedrez.tlog\link.command.1.tlog
c:\users\rafar\desktop\universidad\tercero\2º cuatrimestre\informática industrial y comunicaciones\trabajo-informatica\ajedrez\tmp\debug\ajedrez.tlog\link.read.1.tlog
c:\users\rafar\desktop\universidad\tercero\2º cuatrimestre\informática industrial y comunicaciones\trabajo-informatica\ajedrez\tmp\debug\ajedrez.tlog\link.write.1.tlog
