C:\Program Files (x86)\Microsoft Visual Studio\2019\Community\MSBuild\Microsoft\VC\v160\Microsoft.CppBuild.targets(513,5): warning MSB8028: El directorio intermedio (tmp\Debug\) contiene archivos compartidos de otro proyecto (Pang.vcxproj). Esto puede dar lugar a un comportamiento incorrecto de limpieza y recompilación.
  Ajedrez.cpp
C:\Users\rafar\Desktop\UNIVERSIDAD\TERCERO\2º CUATRIMESTRE\INFORMÁTICA INDUSTRIAL Y COMUNICACIONES\Trabajo-Informatica\Ajedrez\src\Ajedrez.cpp(76,19): warning C4244: '=': conversión de 'double' a 'int'; posible pérdida de datos
C:\Users\rafar\Desktop\UNIVERSIDAD\TERCERO\2º CUATRIMESTRE\INFORMÁTICA INDUSTRIAL Y COMUNICACIONES\Trabajo-Informatica\Ajedrez\src\Ajedrez.cpp(77,16): warning C4244: '=': conversión de 'double' a 'int'; posible pérdida de datos
  Alfil.cpp
  Caballo.cpp
  Casilla.cpp
C:\Users\rafar\Desktop\UNIVERSIDAD\TERCERO\2º CUATRIMESTRE\INFORMÁTICA INDUSTRIAL Y COMUNICACIONES\Trabajo-Informatica\Ajedrez\src\Casilla.cpp(28,13): warning C4244: '=': conversión de 'float' a 'int'; posible pérdida de datos
C:\Users\rafar\Desktop\UNIVERSIDAD\TERCERO\2º CUATRIMESTRE\INFORMÁTICA INDUSTRIAL Y COMUNICACIONES\Trabajo-Informatica\Ajedrez\src\Casilla.cpp(42,13): warning C4244: '=': conversión de 'float' a 'int'; posible pérdida de datos
C:\Users\rafar\Desktop\UNIVERSIDAD\TERCERO\2º CUATRIMESTRE\INFORMÁTICA INDUSTRIAL Y COMUNICACIONES\Trabajo-Informatica\Ajedrez\src\Casilla.cpp(43,13): warning C4244: '=': conversión de 'float' a 'int'; posible pérdida de datos
C:\Users\rafar\Desktop\UNIVERSIDAD\TERCERO\2º CUATRIMESTRE\INFORMÁTICA INDUSTRIAL Y COMUNICACIONES\Trabajo-Informatica\Ajedrez\src\Casilla.cpp(48,18): warning C4244: 'return': conversión de 'int' a 'float'; posible pérdida de datos
C:\Users\rafar\Desktop\UNIVERSIDAD\TERCERO\2º CUATRIMESTRE\INFORMÁTICA INDUSTRIAL Y COMUNICACIONES\Trabajo-Informatica\Ajedrez\src\Casilla.cpp(52,15): warning C4244: 'return': conversión de 'double' a 'float'; posible pérdida de datos
C:\Users\rafar\Desktop\UNIVERSIDAD\TERCERO\2º CUATRIMESTRE\INFORMÁTICA INDUSTRIAL Y COMUNICACIONES\Trabajo-Informatica\Ajedrez\src\Casilla.cpp(56,14): warning C4244: 'return': conversión de 'double' a 'float'; posible pérdida de datos
  Peon.cpp
  Pieza.cpp
C:\Users\rafar\Desktop\UNIVERSIDAD\TERCERO\2º CUATRIMESTRE\INFORMÁTICA INDUSTRIAL Y COMUNICACIONES\Trabajo-Informatica\Ajedrez\src\Pieza.cpp(65,51): warning C4244: 'argumento': conversión de 'int' a 'GLfloat'; posible pérdida de datos
C:\Users\rafar\Desktop\UNIVERSIDAD\TERCERO\2º CUATRIMESTRE\INFORMÁTICA INDUSTRIAL Y COMUNICACIONES\Trabajo-Informatica\Ajedrez\src\Pieza.cpp(65,40): warning C4244: 'argumento': conversión de 'int' a 'GLfloat'; posible pérdida de datos
C:\Users\rafar\Desktop\UNIVERSIDAD\TERCERO\2º CUATRIMESTRE\INFORMÁTICA INDUSTRIAL Y COMUNICACIONES\Trabajo-Informatica\Ajedrez\src\Pieza.cpp(66,54): warning C4244: 'argumento': conversión de 'int' a 'GLfloat'; posible pérdida de datos
C:\Users\rafar\Desktop\UNIVERSIDAD\TERCERO\2º CUATRIMESTRE\INFORMÁTICA INDUSTRIAL Y COMUNICACIONES\Trabajo-Informatica\Ajedrez\src\Pieza.cpp(66,40): warning C4244: 'argumento': conversión de 'int' a 'GLfloat'; posible pérdida de datos
C:\Users\rafar\Desktop\UNIVERSIDAD\TERCERO\2º CUATRIMESTRE\INFORMÁTICA INDUSTRIAL Y COMUNICACIONES\Trabajo-Informatica\Ajedrez\src\Pieza.cpp(67,58): warning C4244: 'argumento': conversión de 'int' a 'GLfloat'; posible pérdida de datos
C:\Users\rafar\Desktop\UNIVERSIDAD\TERCERO\2º CUATRIMESTRE\INFORMÁTICA INDUSTRIAL Y COMUNICACIONES\Trabajo-Informatica\Ajedrez\src\Pieza.cpp(67,43): warning C4244: 'argumento': conversión de 'int' a 'GLfloat'; posible pérdida de datos
C:\Users\rafar\Desktop\UNIVERSIDAD\TERCERO\2º CUATRIMESTRE\INFORMÁTICA INDUSTRIAL Y COMUNICACIONES\Trabajo-Informatica\Ajedrez\src\Pieza.cpp(68,55): warning C4244: 'argumento': conversión de 'int' a 'GLfloat'; posible pérdida de datos
C:\Users\rafar\Desktop\UNIVERSIDAD\TERCERO\2º CUATRIMESTRE\INFORMÁTICA INDUSTRIAL Y COMUNICACIONES\Trabajo-Informatica\Ajedrez\src\Pieza.cpp(68,43): warning C4244: 'argumento': conversión de 'int' a 'GLfloat'; posible pérdida de datos
  Reina.cpp
C:\Users\rafar\Desktop\UNIVERSIDAD\TERCERO\2º CUATRIMESTRE\INFORMÁTICA INDUSTRIAL Y COMUNICACIONES\Trabajo-Informatica\Ajedrez\src\Reina.cpp(48,25): warning C4144: '>': expresión relacional como expresión switch
C:\Users\rafar\Desktop\UNIVERSIDAD\TERCERO\2º CUATRIMESTRE\INFORMÁTICA INDUSTRIAL Y COMUNICACIONES\Trabajo-Informatica\Ajedrez\src\Reina.cpp(68,25): warning C4144: '>': expresión relacional como expresión switch
  Rey.cpp
  Tablero.cpp
  Torre.cpp
C:\Users\rafar\Desktop\UNIVERSIDAD\TERCERO\2º CUATRIMESTRE\INFORMÁTICA INDUSTRIAL Y COMUNICACIONES\Trabajo-Informatica\Ajedrez\src\Torre.cpp(8,24): warning C4144: '>': expresión relacional como expresión switch
C:\Users\rafar\Desktop\UNIVERSIDAD\TERCERO\2º CUATRIMESTRE\INFORMÁTICA INDUSTRIAL Y COMUNICACIONES\Trabajo-Informatica\Ajedrez\src\Torre.cpp(29,24): warning C4144: '>': expresión relacional como expresión switch
  main.cpp
  Generando código...
C:\Users\rafar\Desktop\UNIVERSIDAD\TERCERO\2º CUATRIMESTRE\INFORMÁTICA INDUSTRIAL Y COMUNICACIONES\Trabajo-Informatica\Ajedrez\src\Peon.cpp(35): warning C4715: 'Peon::Comer': no todas las rutas de acceso de control devuelven un valor
C:\Users\rafar\Desktop\UNIVERSIDAD\TERCERO\2º CUATRIMESTRE\INFORMÁTICA INDUSTRIAL Y COMUNICACIONES\Trabajo-Informatica\Ajedrez\src\Peon.cpp(19): warning C4715: 'Peon::Mov': no todas las rutas de acceso de control devuelven un valor
  Pang.vcxproj -> C:\Users\rafar\Desktop\UNIVERSIDAD\TERCERO\2º CUATRIMESTRE\INFORMÁTICA INDUSTRIAL Y COMUNICACIONES\Trabajo-Informatica\Ajedrez\bin\Ajedrez.exe
